su: ignoring --preserve-environment, it's mutually exclusive with --login

Attaching package: ‘bs4Dash’

The following objects are masked from ‘package:shiny’:

    actionButton, column, insertTab, navbarMenu, tabsetPanel

The following object is masked from ‘package:graphics’:

    box


Attaching package: ‘shinyWidgets’

The following object is masked from ‘package:bs4Dash’:

    progressBar

Warning in load_local_config(translation_csv_config) :
  You didn't specify config translation yaml file. Default settings are used.
Warning in load_local_config(translation_csv_config) :
  You didn't specify config translation yaml file. Default settings are used.

Listening on http://127.0.0.1:37019
Type 'citation("pROC")' for a citation.

Attaching package: ‘pROC’

The following objects are masked from ‘package:stats’:

    cov, smooth, var

Loading required package: DBI
Warning: In updateSliderInput(): `value` should be greater than or equal to `min` (value = 0, min = 2).
Warning: Error in plot.default: argument "x" is missing, with no default
  1: runApp
Warning: Error in plot.default: argument "x" is missing, with no default
  1: runApp
Warning: Error in plot.default: argument "x" is missing, with no default
  1: runApp
