su: ignoring --preserve-environment, it's mutually exclusive with --login

Attaching package: ‘bs4Dash’

The following objects are masked from ‘package:shiny’:

    actionButton, column, insertTab, navbarMenu, tabsetPanel

The following object is masked from ‘package:graphics’:

    box


Attaching package: ‘shinyWidgets’

The following object is masked from ‘package:bs4Dash’:

    progressBar

Warning in load_local_config(translation_csv_config) :
  You didn't specify config translation yaml file. Default settings are used.
Warning in load_local_config(translation_csv_config) :
  You didn't specify config translation yaml file. Default settings are used.

Listening on http://127.0.0.1:43231

Loading required package: AnnotationDbi
Loading required package: stats4
Loading required package: BiocGenerics

Attaching package: ‘BiocGenerics’

The following objects are masked from ‘package:stats’:

    IQR, mad, sd, var, xtabs

The following objects are masked from ‘package:base’:

    anyDuplicated, aperm, append, as.data.frame, basename, cbind,
    colnames, dirname, do.call, duplicated, eval, evalq, Filter, Find,
    get, grep, grepl, intersect, is.unsorted, lapply, Map, mapply,
    match, mget, order, paste, pmax, pmax.int, pmin, pmin.int,
    Position, rank, rbind, Reduce, rownames, sapply, setdiff, sort,
    table, tapply, union, unique, unsplit, which.max, which.min

Loading required package: Biobase
Welcome to Bioconductor

    Vignettes contain introductory material; view with
    'browseVignettes()'. To cite Bioconductor, see
    'citation("Biobase")', and for packages 'citation("pkgname")'.

Loading required package: IRanges
Loading required package: S4Vectors

Attaching package: ‘S4Vectors’

The following object is masked from ‘package:utils’:

    findMatches

The following objects are masked from ‘package:base’:

    expand.grid, I, unname




